app/build/outputs/logs/manifest-merger-debug-report.txt
-- Merging decision tree log ---
manifest
ADDED from src\main\AndroidManifest.xml:2:1-152:12
	package
		ADDED from src\main\AndroidManifest.xml:3:5-35
		INJECTED from src\main\AndroidManifest.xml
		INJECTED from src\main\AndroidManifest.xml
	android:versionName
		ADDED from src\main\AndroidManifest.xml:6:5-30
		INJECTED from src\main\AndroidManifest.xml
		INJECTED from src\main\AndroidManifest.xml
	android:versionCode
		ADDED from src\main\AndroidManifest.xml:5:5-28
		INJECTED from src\main\AndroidManifest.xml
		INJECTED from src\main\AndroidManifest.xml
	xmlns:android
		ADDED from src\main\AndroidManifest.xml:2:11-69
	android:installLocation
		ADDED from src\main\AndroidManifest.xml:4:5-35
instrumentation
ADDED from src\main\AndroidManifest.xml:8:5-10:56
	android:targetPackage
		ADDED from src\main\AndroidManifest.xml:10:9-53
	android:name
		ADDED from src\main\AndroidManifest.xml:9:9-62
uses-sdk
ADDED from src\main\AndroidManifest.xml:12:5-43
	android:targetSdkVersion
		INJECTED from src\main\AndroidManifest.xml
		INJECTED from src\main\AndroidManifest.xml
	android:minSdkVersion
		ADDED from src\main\AndroidManifest.xml:12:15-40
		INJECTED from src\main\AndroidManifest.xml
		INJECTED from src\main\AndroidManifest.xml
uses-permission#android.permission.ACCESS_COARSE_LOCATION
ADDED from src\main\AndroidManifest.xml:14:5-81
	android:name
		ADDED from src\main\AndroidManifest.xml:14:22-78
uses-permission#android.permission.ACCESS_FINE_LOCATION
ADDED from src\main\AndroidManifest.xml:15:5-79
	android:name
		ADDED from src\main\AndroidManifest.xml:15:22-76
uses-permission#android.permission.ACCESS_MOCK_LOCATION
ADDED from src\main\AndroidManifest.xml:16:5-79
	android:name
		ADDED from src\main\AndroidManifest.xml:16:22-76
uses-permission#android.permission.INTERNET
ADDED from src\main\AndroidManifest.xml:17:5-67
	android:name
		ADDED from src\main\AndroidManifest.xml:17:22-64
uses-permission#android.permission.WRITE_EXTERNAL_STORAGE
ADDED from src\main\AndroidManifest.xml:18:5-81
	android:name
		ADDED from src\main\AndroidManifest.xml:18:22-78
uses-permission#android.permission.PROCESS_OUTGOING_CALLS
ADDED from src\main\AndroidManifest.xml:19:5-81
	android:name
		ADDED from src\main\AndroidManifest.xml:19:22-78
uses-permission#android.permission.READ_PHONE_STATE
ADDED from src\main\AndroidManifest.xml:20:5-75
	android:name
		ADDED from src\main\AndroidManifest.xml:20:22-72
uses-permission#android.permission.READ_CONTACTS
ADDED from src\main\AndroidManifest.xml:21:5-72
	android:name
		ADDED from src\main\AndroidManifest.xml:21:22-69
uses-permission#android.permission.SEND_SMS
ADDED from src\main\AndroidManifest.xml:22:5-67
	android:name
		ADDED from src\main\AndroidManifest.xml:22:22-64
uses-permission#android.permission.RECEIVE_SMS
ADDED from src\main\AndroidManifest.xml:23:5-70
	android:name
		ADDED from src\main\AndroidManifest.xml:23:22-67
uses-permission#android.permission.VIBRATE
ADDED from src\main\AndroidManifest.xml:24:5-66
	android:name
		ADDED from src\main\AndroidManifest.xml:24:22-63
uses-permission#android.permission.SYSTEM_ALERT_WINDOW
ADDED from src\main\AndroidManifest.xml:25:5-78
	android:name
		ADDED from src\main\AndroidManifest.xml:25:22-75
uses-permission#android.permission.CALL_PHONE
ADDED from src\main\AndroidManifest.xml:26:5-69
	android:name
		ADDED from src\main\AndroidManifest.xml:26:22-66
uses-permission#android.permission.WRITE_CONTACTS
ADDED from src\main\AndroidManifest.xml:27:5-73
	android:name
		ADDED from src\main\AndroidManifest.xml:27:22-70
uses-permission#com.android.launcher.permission.INSTALL_SHORTCUT
ADDED from src\main\AndroidManifest.xml:28:5-88
	android:name
		ADDED from src\main\AndroidManifest.xml:28:22-85
uses-permission#android.permission.READ_SMS
ADDED from src\main\AndroidManifest.xml:29:5-67
	android:name
		ADDED from src\main\AndroidManifest.xml:29:22-64
uses-permission#android.permission.WRITE_SMS
ADDED from src\main\AndroidManifest.xml:30:5-68
	android:name
		ADDED from src\main\AndroidManifest.xml:30:22-65
uses-permission#android.permission.GET_TASKS
ADDED from src\main\AndroidManifest.xml:31:5-68
	android:name
		ADDED from src\main\AndroidManifest.xml:31:22-65
uses-permission#android.permission.KILL_BACKGROUND_PROCESSES
ADDED from src\main\AndroidManifest.xml:32:5-83
	android:name
		ADDED from src\main\AndroidManifest.xml:32:22-81
uses-permission#android.permission.GET_PACKAGE_SIZE
ADDED from src\main\AndroidManifest.xml:33:5-74
	android:name
		ADDED from src\main\AndroidManifest.xml:33:22-72
uses-permission#android.permission.DELETE_CACHE_FILES
ADDED from src\main\AndroidManifest.xml:34:5-76
	android:name
		ADDED from src\main\AndroidManifest.xml:34:22-74
application
ADDED from src\main\AndroidManifest.xml:36:5-150:19
	android:label
		ADDED from src\main\AndroidManifest.xml:38:9-41
	android:icon
		ADDED from src\main\AndroidManifest.xml:37:9-45
	android:theme
		ADDED from src\main\AndroidManifest.xml:39:9-62
	android:name
		ADDED from src\main\AndroidManifest.xml:39:63-91
uses-library#android.test.runner
ADDED from src\main\AndroidManifest.xml:40:9-60
	android:name
		ADDED from src\main\AndroidManifest.xml:40:23-57
activity#cn.itcast.mobilesafe.SplashActivity
ADDED from src\main\AndroidManifest.xml:42:9-51:20
	android:label
		ADDED from src\main\AndroidManifest.xml:44:13-45
	android:theme
		ADDED from src\main\AndroidManifest.xml:45:13-71
	android:name
		ADDED from src\main\AndroidManifest.xml:43:13-43
intent-filter#android.intent.action.MAIN+android.intent.category.LAUNCHER
ADDED from src\main\AndroidManifest.xml:46:13-50:29
action#android.intent.action.MAIN
ADDED from src\main\AndroidManifest.xml:47:17-69
	android:name
		ADDED from src\main\AndroidManifest.xml:47:25-66
category#android.intent.category.LAUNCHER
ADDED from src\main\AndroidManifest.xml:49:17-77
	android:name
		ADDED from src\main\AndroidManifest.xml:49:27-74
activity#cn.itcast.mobilesafe.HomeActivity
ADDED from src\main\AndroidManifest.xml:52:9-59:20
	android:name
		ADDED from src\main\AndroidManifest.xml:52:19-47
intent-filter#android.intent.category.DEFAULT+cn.itcast.home
ADDED from src\main\AndroidManifest.xml:53:13-58:29
action#cn.itcast.home
ADDED from src\main\AndroidManifest.xml:54:17-55:26
	android:name
		ADDED from src\main\AndroidManifest.xml:54:25-54
category#android.intent.category.DEFAULT
ADDED from src\main\AndroidManifest.xml:57:17-76
	android:name
		ADDED from src\main\AndroidManifest.xml:57:27-73
activity#cn.itcast.mobilesafe.SettingCenterActivity
ADDED from src\main\AndroidManifest.xml:60:9-61:20
	android:name
		ADDED from src\main\AndroidManifest.xml:60:19-56
activity#cn.itcast.mobilesafe.LostFindActivity
ADDED from src\main\AndroidManifest.xml:62:9-63:20
	android:name
		ADDED from src\main\AndroidManifest.xml:62:19-51
activity#cn.itcast.mobilesafe.Setup1Activity
ADDED from src\main\AndroidManifest.xml:64:9-65:20
	android:name
		ADDED from src\main\AndroidManifest.xml:64:19-49
activity#cn.itcast.mobilesafe.Setup2Activity
ADDED from src\main\AndroidManifest.xml:66:9-67:20
	android:name
		ADDED from src\main\AndroidManifest.xml:66:19-49
activity#cn.itcast.mobilesafe.Setup3Activity
ADDED from src\main\AndroidManifest.xml:68:9-69:20
	android:name
		ADDED from src\main\AndroidManifest.xml:68:19-49
activity#cn.itcast.mobilesafe.Setup4Activity
ADDED from src\main\AndroidManifest.xml:70:9-71:20
	android:name
		ADDED from src\main\AndroidManifest.xml:70:19-49
activity#cn.itcast.mobilesafe.SelectContactActivity
ADDED from src\main\AndroidManifest.xml:72:9-73:20
	android:name
		ADDED from src\main\AndroidManifest.xml:72:19-56
activity#cn.itcast.mobilesafe.AtoolsActivity
ADDED from src\main\AndroidManifest.xml:74:9-75:20
	android:name
		ADDED from src\main\AndroidManifest.xml:74:19-49
activity#cn.itcast.mobilesafe.NumberQueryActivity
ADDED from src\main\AndroidManifest.xml:76:9-77:20
	android:name
		ADDED from src\main\AndroidManifest.xml:76:19-54
activity#cn.itcast.mobilesafe.DragViewActivity
ADDED from src\main\AndroidManifest.xml:78:9-81:20
	android:theme
		ADDED from src\main\AndroidManifest.xml:80:13-53
	android:name
		ADDED from src\main\AndroidManifest.xml:79:13-45
activity#cn.itcast.mobilesafe.CallSmsSafeActivity
ADDED from src\main\AndroidManifest.xml:82:9-83:20
	android:name
		ADDED from src\main\AndroidManifest.xml:82:19-54
activity#cn.itcast.mobilesafe.CommnumActivity
ADDED from src\main\AndroidManifest.xml:84:9-85:20
	android:name
		ADDED from src\main\AndroidManifest.xml:84:19-50
activity#cn.itcast.mobilesafe.AppManagerActivity
ADDED from src\main\AndroidManifest.xml:86:9-87:20
	android:name
		ADDED from src\main\AndroidManifest.xml:86:19-53
activity#cn.itcast.mobilesafe.AppManagerActivity2
ADDED from src\main\AndroidManifest.xml:88:9-89:20
	android:name
		ADDED from src\main\AndroidManifest.xml:88:19-54
activity#cn.itcast.mobilesafe.EnterPasswordActivity
ADDED from src\main\AndroidManifest.xml:90:9-94:20
	android:excludeFromRecents
		ADDED from src\main\AndroidManifest.xml:92:13-46
	android:launchMode
		ADDED from src\main\AndroidManifest.xml:93:13-48
	android:name
		ADDED from src\main\AndroidManifest.xml:91:13-50
activity#cn.itcast.mobilesafe.TaskManagerActivity
ADDED from src\main\AndroidManifest.xml:95:9-66
	android:name
		ADDED from src\main\AndroidManifest.xml:95:19-54
activity#cn.itcast.mobilesafe.WebViewLoadHtmlActivity
ADDED from src\main\AndroidManifest.xml:96:9-70
	android:name
		ADDED from src\main\AndroidManifest.xml:96:19-58
activity#cn.itcast.mobilesafe.SystemOptActivity
ADDED from src\main\AndroidManifest.xml:97:9-64
	android:name
		ADDED from src\main\AndroidManifest.xml:97:19-52
activity#cn.itcast.mobilesafe.CleanCacheActivity
ADDED from src\main\AndroidManifest.xml:98:9-65
	android:name
		ADDED from src\main\AndroidManifest.xml:98:19-53
activity#cn.itcast.mobilesafe.CleanSDActivity
ADDED from src\main\AndroidManifest.xml:99:9-62
	android:name
		ADDED from src\main\AndroidManifest.xml:99:19-50
activity#cn.itcast.mobilesafe.CleanStartupActivity
ADDED from src\main\AndroidManifest.xml:100:9-67
	android:name
		ADDED from src\main\AndroidManifest.xml:100:19-55
activity#cn.itcast.mobilesafe.AntiVirusActivity
ADDED from src\main\AndroidManifest.xml:101:9-64
	android:name
		ADDED from src\main\AndroidManifest.xml:101:19-52
service#cn.itcast.mobilesafe.service.ShowAddressService
ADDED from src\main\AndroidManifest.xml:102:9-103:19
	android:name
		ADDED from src\main\AndroidManifest.xml:102:18-60
service#cn.itcast.mobilesafe.service.CallSmsFirewallService
ADDED from src\main\AndroidManifest.xml:104:9-105:19
	android:name
		ADDED from src\main\AndroidManifest.xml:104:18-64
service#cn.itcast.mobilesafe.service.WatchDogService
ADDED from src\main\AndroidManifest.xml:106:9-107:19
	android:name
		ADDED from src\main\AndroidManifest.xml:106:18-57
service#cn.itcast.mobilesafe.service.WatchDogService2
ADDED from src\main\AndroidManifest.xml:108:9-109:19
	android:name
		ADDED from src\main\AndroidManifest.xml:108:18-58
service#cn.itcast.mobilesafe.service.UpdateWidgetService
ADDED from src\main\AndroidManifest.xml:110:9-72
	android:name
		ADDED from src\main\AndroidManifest.xml:110:18-61
receiver#cn.itcast.mobilesafe.receiver.OutCallReceiver
ADDED from src\main\AndroidManifest.xml:111:9-115:20
	android:name
		ADDED from src\main\AndroidManifest.xml:111:19-59
intent-filter#android.intent.action.NEW_OUTGOING_CALL
ADDED from src\main\AndroidManifest.xml:112:13-114:29
	android:priority
		ADDED from src\main\AndroidManifest.xml:112:28-51
action#android.intent.action.NEW_OUTGOING_CALL
ADDED from src\main\AndroidManifest.xml:113:17-82
	android:name
		ADDED from src\main\AndroidManifest.xml:113:25-79
receiver#cn.itcast.mobilesafe.receiver.BootCompleteReceiver
ADDED from src\main\AndroidManifest.xml:116:9-120:20
	android:name
		ADDED from src\main\AndroidManifest.xml:116:19-64
intent-filter#android.intent.action.BOOT_COMPLETED
ADDED from src\main\AndroidManifest.xml:117:13-119:29
	android:priority
		ADDED from src\main\AndroidManifest.xml:117:28-51
action#android.intent.action.BOOT_COMPLETED
ADDED from src\main\AndroidManifest.xml:118:17-79
	android:name
		ADDED from src\main\AndroidManifest.xml:118:25-76
receiver#cn.itcast.mobilesafe.receiver.SmsReceiver
ADDED from src\main\AndroidManifest.xml:121:9-125:20
	android:name
		ADDED from src\main\AndroidManifest.xml:121:19-55
intent-filter#android.provider.Telephony.SMS_RECEIVED
ADDED from src\main\AndroidManifest.xml:122:13-124:29
	android:priority
		ADDED from src\main\AndroidManifest.xml:122:28-51
action#android.provider.Telephony.SMS_RECEIVED
ADDED from src\main\AndroidManifest.xml:123:17-82
	android:name
		ADDED from src\main\AndroidManifest.xml:123:25-79
receiver#cn.itcast.mobilesafe.receiver.MyAdmin
ADDED from src\main\AndroidManifest.xml:126:9-136:20
	android:permission
		ADDED from src\main\AndroidManifest.xml:128:13-70
	android:name
		ADDED from src\main\AndroidManifest.xml:127:13-45
meta-data#android.app.device_admin
ADDED from src\main\AndroidManifest.xml:129:13-131:63
	android:resource
		ADDED from src\main\AndroidManifest.xml:131:17-60
	android:name
		ADDED from src\main\AndroidManifest.xml:130:17-56
intent-filter#android.app.action.DEVICE_ADMIN_ENABLED
ADDED from src\main\AndroidManifest.xml:133:13-135:29
action#android.app.action.DEVICE_ADMIN_ENABLED
ADDED from src\main\AndroidManifest.xml:134:17-82
	android:name
		ADDED from src\main\AndroidManifest.xml:134:25-79
receiver#cn.itcast.mobilesafe.receiver.MyWidget
ADDED from src\main\AndroidManifest.xml:137:9-144:20
	android:name
		ADDED from src\main\AndroidManifest.xml:137:19-52
intent-filter#android.appwidget.action.APPWIDGET_UPDATE
ADDED from src\main\AndroidManifest.xml:138:13-140:29
action#android.appwidget.action.APPWIDGET_UPDATE
ADDED from src\main\AndroidManifest.xml:139:17-84
	android:name
		ADDED from src\main\AndroidManifest.xml:139:25-81
meta-data#android.appwidget.provider
ADDED from src\main\AndroidManifest.xml:141:13-143:66
	android:resource
		ADDED from src\main\AndroidManifest.xml:143:17-63
	android:name
		ADDED from src\main\AndroidManifest.xml:142:17-58
receiver#cn.itcast.mobilesafe.receiver.KillTaskRecevicer
ADDED from src\main\AndroidManifest.xml:145:9-149:20
	android:name
		ADDED from src\main\AndroidManifest.xml:145:19-61
intent-filter#cn.itcast.killtask
ADDED from src\main\AndroidManifest.xml:146:13-148:29
action#cn.itcast.killtask
ADDED from src\main\AndroidManifest.xml:147:17-60
	android:name
		ADDED from src\main\AndroidManifest.xml:147:25-58